Generate the report at 2025-01-10T14:09:48, GitVersion: aa25008b3778a76ae1975c839d4cc459f7f7b3b7.
+------------------------+-------------+------------+------------+---------------+-------+--------+-----------+
| Endpoint               | Clock Group | Delay Type | Path Delay | Path Required | CPPR  | Slack  | Freq(MHz) |
+------------------------+-------------+------------+------------+---------------+-------+--------+-----------+
| mifu/micache/_08823_:D | core_clock  | max        | 1.009f     | 0.961         | 0.000 | -0.049 | 953.632   |
| mifu/micache/_08836_:D | core_clock  | max        | 1.009f     | 0.961         | 0.000 | -0.048 | 954.131   |
| mifu/micache/_08835_:D | core_clock  | max        | 1.009f     | 0.961         | 0.000 | -0.048 | 954.131   |
| mpc/_563_:D            | core_clock  | min        | 0.145r     | 0.005         | 0.000 | 0.139  | NA        |
| mclint/_691_:D         | core_clock  | min        | 0.146r     | 0.005         | 0.000 | 0.140  | NA        |
| mclint/_691_:D         | core_clock  | min        | 0.148f     | 0.002         | 0.000 | 0.146  | NA        |
+------------------------+-------------+------------+------------+---------------+-------+--------+-----------+
+------------+------------+--------+
| Clock      | Delay Type | TNS    |
+------------+------------+--------+
| core_clock | max        | -1.182 |
| core_clock | min        | 0.000  |
+------------+------------+--------+
+-------------------------------------+--------+-------------+------------+------------+-------------+--------+-----------------+
| Point                               | Fanout | Capacitance | Resistance | Transition | Delta Delay | Incr   | Path            |
+-------------------------------------+--------+-------------+------------+------------+-------------+--------+-----------------+
| clock (port)                        |        | 2.045       | 0.000      | 0.000      |             | 0.000  | 0.000r          |
| clock (clock net)                   | 2153   |             |            |            | NA          |        |                 |
| mifu/micache/_08743_:CK (DFF_X1)    |        | 0.001       | 0.000      | 0.000      |             | 0.000  | 0.000r          |
| clock core_clock (rise edge)        |        |             |            |            |             | 0      | 0               |
| clock network delay (ideal)         |        |             |            |            |             | 0.000  | 0.000           |
| mifu/micache/_08743_:CK (DFF_X1)    |        | 0.001       | 0.000      | 0.000      |             | 0.000  | 0.000r          |
| mifu/micache/_08743_:Q (DFF_X1)     |        | 0.001       | 0.000      | 0.007      |             | 0.084  | 0.084r          |
| mifu/micache/_00000_ (net)          | 1      |             |            |            | 0.000       |        |                 |
| mifu/micache/_08932_:A (BUF_X1)     |        | 0.001       | 0.000      | 0.007      |             | 0.000  | 0.084r          |
| mifu/micache/_08932_:Z (BUF_X1)     |        | 0.072       | 0.000      | 0.169      |             | 0.193  | 0.277r          |
| mifu/micache/_00013_ (net)          | 11     |             |            |            | 0.000       |        |                 |
| fanout_buf_33:A (BUF_X8)            |        | 0.007       | 0.000      | 0.169      |             | 0.000  | 0.277r          |
| fanout_buf_33:Z (BUF_X8)            |        | 0.074       | 0.000      | 0.026      |             | 0.052  | 0.329r          |
| fanout_net_33 (net)                 | 30     |             |            |            | 0.000       |        |                 |
| fanout_buf_20:A (BUF_X8)            |        | 0.007       | 0.000      | 0.026      |             | 0.000  | 0.329r          |
| fanout_buf_20:Z (BUF_X8)            |        | 0.112       | 0.000      | 0.035      |             | 0.056  | 0.385r          |
| fanout_net_20 (net)                 | 30     |             |            |            | 0.000       |        |                 |
| mifu/micache/_05521_:A (INV_X32)    |        | 0.049       | 0.000      | 0.035      |             | 0.000  | 0.385r          |
| mifu/micache/_05521_:ZN (INV_X32)   |        | 0.025       | 0.000      | 0.008      |             | 0.008  | 0.393f          |
| mifu/micache/_01636_ (net)          | 3      |             |            |            | 0.000       |        |                 |
| mifu/micache/_05522_:A (BUF_X32)    |        | 0.027       | 0.000      | 0.008      |             | 0.000  | 0.393f          |
| mifu/micache/_05522_:Z (BUF_X32)    |        | 0.046       | 0.000      | 0.005      |             | 0.025  | 0.418f          |
| mifu/micache/_01637_ (net)          | 10     |             |            |            | 0.000       |        |                 |
| mifu/micache/_05547_:A (BUF_X32)    |        | 0.027       | 0.000      | 0.005      |             | 0.000  | 0.418f          |
| mifu/micache/_05547_:Z (BUF_X32)    |        | 0.027       | 0.000      | 0.005      |             | 0.022  | 0.440f          |
| mifu/micache/_01662_ (net)          | 10     |             |            |            | 0.000       |        |                 |
| mifu/micache/_05653_:A1 (OR2_X4)    |        | 0.003       | 0.000      | 0.005      |             | 0.000  | 0.440f          |
| mifu/micache/_05653_:ZN (OR2_X4)    |        | 0.003       | 0.000      | 0.008      |             | 0.037  | 0.477f          |
| mifu/micache/_01768_ (net)          | 1      |             |            |            | 0.000       |        |                 |
| mifu/micache/_05654_:A (OAI211_X2)  |        | 0.003       | 0.000      | 0.008      |             | 0.000  | 0.477f          |
| mifu/micache/_05654_:ZN (OAI211_X2) |        | 0.002       | 0.000      | 0.018      |             | 0.019  | 0.495r          |
| mifu/micache/_01769_ (net)          | 1      |             |            |            | 0.000       |        |                 |
| mifu/micache/_05657_:A1 (AND3_X2)   |        | 0.002       | 0.000      | 0.018      |             | 0.000  | 0.495r          |
| mifu/micache/_05657_:ZN (AND3_X2)   |        | 0.003       | 0.000      | 0.011      |             | 0.043  | 0.538r          |
| mifu/micache/_01772_ (net)          | 1      |             |            |            | 0.000       |        |                 |
| mifu/micache/_05658_:A3 (NOR3_X2)   |        | 0.003       | 0.000      | 0.011      |             | 0.000  | 0.538r          |
| mifu/micache/_05658_:ZN (NOR3_X2)   |        | 0.003       | 0.000      | 0.008      |             | 0.012  | 0.550f          |
| mifu/micache/_01773_ (net)          | 1      |             |            |            | 0.000       |        |                 |
| mifu/micache/_05666_:A (AOI21_X2)   |        | 0.003       | 0.000      | 0.008      |             | 0.000  | 0.550f          |
| mifu/micache/_05666_:ZN (AOI21_X2)  |        | 0.003       | 0.000      | 0.023      |             | 0.028  | 0.578r          |
| mifu/micache/_01781_ (net)          | 2      |             |            |            | 0.000       |        |                 |
| mifu/micache/_05667_:A1 (NOR2_X1)   |        | 0.002       | 0.000      | 0.023      |             | 0.000  | 0.578r          |
| mifu/micache/_05667_:ZN (NOR2_X1)   |        | 0.002       | 0.000      | 0.013      |             | 0.011  | 0.589f          |
| mifu/micache/_01782_ (net)          | 1      |             |            |            | 0.000       |        |                 |
| mifu/micache/_05686_:A (AOI21_X1)   |        | 0.002       | 0.000      | 0.013      |             | 0.000  | 0.589f          |
| mifu/micache/_05686_:ZN (AOI21_X1)  |        | 0.004       | 0.000      | 0.032      |             | 0.041  | 0.630r          |
| mifu/micache/_01801_ (net)          | 1      |             |            |            | 0.000       |        |                 |
| mifu/micache/_05705_:A (OAI221_X2)  |        | 0.004       | 0.000      | 0.032      |             | 0.000  | 0.630r          |
| mifu/micache/_05705_:ZN (OAI221_X2) |        | 0.005       | 0.000      | 0.024      |             | 0.044  | 0.674f          |
| mifu/micache/_01820_ (net)          | 1      |             |            |            | 0.000       |        |                 |
| mifu/micache/_05745_:A2 (NOR3_X4)   |        | 0.006       | 0.000      | 0.024      |             | 0.000  | 0.674f          |
| mifu/micache/_05745_:ZN (NOR3_X4)   |        | 0.003       | 0.000      | 0.023      |             | 0.047  | 0.721r          |
| mifu/micache/_01860_ (net)          | 1      |             |            |            | 0.000       |        |                 |
| mifu/micache/_05785_:A2 (AND4_X4)   |        | 0.003       | 0.000      | 0.023      |             | 0.000  | 0.721r          |
| mifu/micache/_05785_:ZN (AND4_X4)   |        | 0.007       | 0.000      | 0.012      |             | 0.056  | 0.777r          |
| mifu/micache/_01900_ (net)          | 2      |             |            |            | 0.000       |        |                 |
| mifu/micache/_06072_:A1 (NAND4_X4)  |        | 0.006       | 0.000      | 0.012      |             | 0.000  | 0.777r          |
| mifu/micache/_06072_:ZN (NAND4_X4)  |        | 0.009       | 0.000      | 0.021      |             | 0.027  | 0.804f          |
| mifu/micache/_02186_ (net)          | 8      |             |            |            | 0.000       |        |                 |
| mifu/micache/_06074_:A1 (AND2_X4)   |        | 0.003       | 0.000      | 0.021      |             | 0.000  | 0.804f          |
| mifu/micache/_06074_:ZN (AND2_X4)   |        | 0.024       | 0.000      | 0.010      |             | 0.040  | 0.844f          |
| mifu/micache/_02188_ (net)          | 6      |             |            |            | 0.000       |        |                 |
| mifu/micache/_06075_:A (INV_X4)     |        | 0.006       | 0.000      | 0.010      |             | 0.000  | 0.844f          |
| mifu/micache/_06075_:ZN (INV_X4)    |        | 0.007       | 0.000      | 0.008      |             | 0.013  | 0.857r          |
| mifu/micache/_02189_ (net)          | 1      |             |            |            | 0.000       |        |                 |
| mifu/micache/_06077_:A1 (NOR2_X4)   |        | 0.007       | 0.000      | 0.008      |             | 0.000  | 0.857r          |
| mifu/micache/_06077_:ZN (NOR2_X4)   |        | 0.017       | 0.000      | 0.010      |             | 0.012  | 0.869f          |
| mifu/micache/_02191_ (net)          | 6      |             |            |            | 0.000       |        |                 |
| mifu/micache/_07160_:A (BUF_X8)     |        | 0.007       | 0.000      | 0.010      |             | 0.000  | 0.869f          |
| mifu/micache/_07160_:Z (BUF_X8)     |        | 0.018       | 0.000      | 0.006      |             | 0.027  | 0.896f          |
| mifu/micache/_02338_ (net)          | 10     |             |            |            | 0.000       |        |                 |
| mifu/micache/_07161_:A1 (AND2_X2)   |        | 0.002       | 0.000      | 0.006      |             | 0.000  | 0.896f          |
| mifu/micache/_07161_:ZN (AND2_X2)   |        | 0.001       | 0.000      | 0.005      |             | 0.023  | 0.919f          |
| mifu/micache/_02339_ (net)          | 1      |             |            |            | 0.000       |        |                 |
| mifu/micache/_07192_:A1 (OR3_X1)    |        | 0.001       | 0.000      | 0.005      |             | 0.000  | 0.919f          |
| mifu/micache/_07192_:ZN (OR3_X1)    |        | 0.001       | 0.000      | 0.012      |             | 0.061  | 0.980f          |
| mifu/micache/_00972_ (net)          | 1      |             |            |            | 0.000       |        |                 |
| mifu/micache/_10879_:A (BUF_X1)     |        | 0.001       | 0.000      | 0.012      |             | 0.000  | 0.980f          |
| mifu/micache/_10879_:Z (BUF_X1)     |        | 0.001       | 0.000      | 0.006      |             | 0.029  | 1.009f          |
| mifu/micache/_05438_ (net)          | 1      |             |            |            | 0.000       |        |                 |
| mifu/micache/_08823_:D (DFF_X1)     |        | 0.001       | 0.000      | 0.006      |             | 0.000  | 1.009f          |
|                                     |        |             |            |            |             |        |                 |
| clock (port)                        |        | 2.045       | 0.000      | 0.000      |             | 0.000  | 0.000r          |
| clock (clock net)                   | 2153   |             |            |            | NA          |        |                 |
| mifu/micache/_08823_:CK (DFF_X1)    |        | 0.001       | 0.000      | 0.000      |             | 0.000  | 0.000r          |
| clock core_clock (rise edge)        |        |             |            |            |             | 1      | 1               |
| clock network delay (ideal)         |        |             |            |            |             | 0.000  | 1.000           |
| mifu/micache/_08823_:CK (DFF_X1)    |        |             |            |            |             |        | 1.000r          |
| library setup time                  |        |             |            |            |             | -0.039 | 0.961           |
| clock reconvergence pessimism       |        |             |            |            |             | 0.000  | 0.961           |
|                                     |        |             |            |            |             |        |                 |
| path cell delay                     |        |             |            |            |             |        | 1.009(100.000%) |
| path net delay                      |        |             |            |            |             |        | 0.000(0.000%)   |
|                                     |        |             |            |            |             |        |                 |
| data require time                   |        |             |            |            |             |        | 0.961           |
| data arrival time                   |        |             |            |            |             |        | 1.009           |
| slack (VIOLATED)                    |        |             |            |            |             |        | -0.049          |
+-------------------------------------+--------+-------------+------------+------------+-------------+--------+-----------------+
+-------------------------------------+--------+-------------+------------+------------+-------------+--------+-----------------+
| Point                               | Fanout | Capacitance | Resistance | Transition | Delta Delay | Incr   | Path            |
+-------------------------------------+--------+-------------+------------+------------+-------------+--------+-----------------+
| clock (port)                        |        | 2.045       | 0.000      | 0.000      |             | 0.000  | 0.000r          |
| clock (clock net)                   | 2153   |             |            |            | NA          |        |                 |
| mifu/micache/_08743_:CK (DFF_X1)    |        | 0.001       | 0.000      | 0.000      |             | 0.000  | 0.000r          |
| clock core_clock (rise edge)        |        |             |            |            |             | 0      | 0               |
| clock network delay (ideal)         |        |             |            |            |             | 0.000  | 0.000           |
| mifu/micache/_08743_:CK (DFF_X1)    |        | 0.001       | 0.000      | 0.000      |             | 0.000  | 0.000r          |
| mifu/micache/_08743_:Q (DFF_X1)     |        | 0.001       | 0.000      | 0.007      |             | 0.084  | 0.084r          |
| mifu/micache/_00000_ (net)          | 1      |             |            |            | 0.000       |        |                 |
| mifu/micache/_08932_:A (BUF_X1)     |        | 0.001       | 0.000      | 0.007      |             | 0.000  | 0.084r          |
| mifu/micache/_08932_:Z (BUF_X1)     |        | 0.072       | 0.000      | 0.169      |             | 0.193  | 0.277r          |
| mifu/micache/_00013_ (net)          | 11     |             |            |            | 0.000       |        |                 |
| fanout_buf_33:A (BUF_X8)            |        | 0.007       | 0.000      | 0.169      |             | 0.000  | 0.277r          |
| fanout_buf_33:Z (BUF_X8)            |        | 0.074       | 0.000      | 0.026      |             | 0.052  | 0.329r          |
| fanout_net_33 (net)                 | 30     |             |            |            | 0.000       |        |                 |
| fanout_buf_20:A (BUF_X8)            |        | 0.007       | 0.000      | 0.026      |             | 0.000  | 0.329r          |
| fanout_buf_20:Z (BUF_X8)            |        | 0.112       | 0.000      | 0.035      |             | 0.056  | 0.385r          |
| fanout_net_20 (net)                 | 30     |             |            |            | 0.000       |        |                 |
| mifu/micache/_05521_:A (INV_X32)    |        | 0.049       | 0.000      | 0.035      |             | 0.000  | 0.385r          |
| mifu/micache/_05521_:ZN (INV_X32)   |        | 0.025       | 0.000      | 0.008      |             | 0.008  | 0.393f          |
| mifu/micache/_01636_ (net)          | 3      |             |            |            | 0.000       |        |                 |
| mifu/micache/_05522_:A (BUF_X32)    |        | 0.027       | 0.000      | 0.008      |             | 0.000  | 0.393f          |
| mifu/micache/_05522_:Z (BUF_X32)    |        | 0.046       | 0.000      | 0.005      |             | 0.025  | 0.418f          |
| mifu/micache/_01637_ (net)          | 10     |             |            |            | 0.000       |        |                 |
| mifu/micache/_05547_:A (BUF_X32)    |        | 0.027       | 0.000      | 0.005      |             | 0.000  | 0.418f          |
| mifu/micache/_05547_:Z (BUF_X32)    |        | 0.027       | 0.000      | 0.005      |             | 0.022  | 0.440f          |
| mifu/micache/_01662_ (net)          | 10     |             |            |            | 0.000       |        |                 |
| mifu/micache/_05653_:A1 (OR2_X4)    |        | 0.003       | 0.000      | 0.005      |             | 0.000  | 0.440f          |
| mifu/micache/_05653_:ZN (OR2_X4)    |        | 0.003       | 0.000      | 0.008      |             | 0.037  | 0.477f          |
| mifu/micache/_01768_ (net)          | 1      |             |            |            | 0.000       |        |                 |
| mifu/micache/_05654_:A (OAI211_X2)  |        | 0.003       | 0.000      | 0.008      |             | 0.000  | 0.477f          |
| mifu/micache/_05654_:ZN (OAI211_X2) |        | 0.002       | 0.000      | 0.018      |             | 0.019  | 0.495r          |
| mifu/micache/_01769_ (net)          | 1      |             |            |            | 0.000       |        |                 |
| mifu/micache/_05657_:A1 (AND3_X2)   |        | 0.002       | 0.000      | 0.018      |             | 0.000  | 0.495r          |
| mifu/micache/_05657_:ZN (AND3_X2)   |        | 0.003       | 0.000      | 0.011      |             | 0.043  | 0.538r          |
| mifu/micache/_01772_ (net)          | 1      |             |            |            | 0.000       |        |                 |
| mifu/micache/_05658_:A3 (NOR3_X2)   |        | 0.003       | 0.000      | 0.011      |             | 0.000  | 0.538r          |
| mifu/micache/_05658_:ZN (NOR3_X2)   |        | 0.003       | 0.000      | 0.008      |             | 0.012  | 0.550f          |
| mifu/micache/_01773_ (net)          | 1      |             |            |            | 0.000       |        |                 |
| mifu/micache/_05666_:A (AOI21_X2)   |        | 0.003       | 0.000      | 0.008      |             | 0.000  | 0.550f          |
| mifu/micache/_05666_:ZN (AOI21_X2)  |        | 0.003       | 0.000      | 0.023      |             | 0.028  | 0.578r          |
| mifu/micache/_01781_ (net)          | 2      |             |            |            | 0.000       |        |                 |
| mifu/micache/_05667_:A1 (NOR2_X1)   |        | 0.002       | 0.000      | 0.023      |             | 0.000  | 0.578r          |
| mifu/micache/_05667_:ZN (NOR2_X1)   |        | 0.002       | 0.000      | 0.013      |             | 0.011  | 0.589f          |
| mifu/micache/_01782_ (net)          | 1      |             |            |            | 0.000       |        |                 |
| mifu/micache/_05686_:A (AOI21_X1)   |        | 0.002       | 0.000      | 0.013      |             | 0.000  | 0.589f          |
| mifu/micache/_05686_:ZN (AOI21_X1)  |        | 0.004       | 0.000      | 0.032      |             | 0.041  | 0.630r          |
| mifu/micache/_01801_ (net)          | 1      |             |            |            | 0.000       |        |                 |
| mifu/micache/_05705_:A (OAI221_X2)  |        | 0.004       | 0.000      | 0.032      |             | 0.000  | 0.630r          |
| mifu/micache/_05705_:ZN (OAI221_X2) |        | 0.005       | 0.000      | 0.024      |             | 0.044  | 0.674f          |
| mifu/micache/_01820_ (net)          | 1      |             |            |            | 0.000       |        |                 |
| mifu/micache/_05745_:A2 (NOR3_X4)   |        | 0.006       | 0.000      | 0.024      |             | 0.000  | 0.674f          |
| mifu/micache/_05745_:ZN (NOR3_X4)   |        | 0.003       | 0.000      | 0.023      |             | 0.047  | 0.721r          |
| mifu/micache/_01860_ (net)          | 1      |             |            |            | 0.000       |        |                 |
| mifu/micache/_05785_:A2 (AND4_X4)   |        | 0.003       | 0.000      | 0.023      |             | 0.000  | 0.721r          |
| mifu/micache/_05785_:ZN (AND4_X4)   |        | 0.007       | 0.000      | 0.012      |             | 0.056  | 0.777r          |
| mifu/micache/_01900_ (net)          | 2      |             |            |            | 0.000       |        |                 |
| mifu/micache/_06072_:A1 (NAND4_X4)  |        | 0.006       | 0.000      | 0.012      |             | 0.000  | 0.777r          |
| mifu/micache/_06072_:ZN (NAND4_X4)  |        | 0.009       | 0.000      | 0.021      |             | 0.027  | 0.804f          |
| mifu/micache/_02186_ (net)          | 8      |             |            |            | 0.000       |        |                 |
| mifu/micache/_06074_:A1 (AND2_X4)   |        | 0.003       | 0.000      | 0.021      |             | 0.000  | 0.804f          |
| mifu/micache/_06074_:ZN (AND2_X4)   |        | 0.024       | 0.000      | 0.010      |             | 0.040  | 0.844f          |
| mifu/micache/_02188_ (net)          | 6      |             |            |            | 0.000       |        |                 |
| mifu/micache/_06075_:A (INV_X4)     |        | 0.006       | 0.000      | 0.010      |             | 0.000  | 0.844f          |
| mifu/micache/_06075_:ZN (INV_X4)    |        | 0.007       | 0.000      | 0.008      |             | 0.013  | 0.857r          |
| mifu/micache/_02189_ (net)          | 1      |             |            |            | 0.000       |        |                 |
| mifu/micache/_06077_:A1 (NOR2_X4)   |        | 0.007       | 0.000      | 0.008      |             | 0.000  | 0.857r          |
| mifu/micache/_06077_:ZN (NOR2_X4)   |        | 0.017       | 0.000      | 0.010      |             | 0.012  | 0.869f          |
| mifu/micache/_02191_ (net)          | 6      |             |            |            | 0.000       |        |                 |
| mifu/micache/_07193_:A (BUF_X8)     |        | 0.007       | 0.000      | 0.010      |             | 0.000  | 0.869f          |
| mifu/micache/_07193_:Z (BUF_X8)     |        | 0.016       | 0.000      | 0.006      |             | 0.026  | 0.896f          |
| mifu/micache/_02370_ (net)          | 10     |             |            |            | 0.000       |        |                 |
| mifu/micache/_07434_:A1 (AND2_X2)   |        | 0.002       | 0.000      | 0.006      |             | 0.000  | 0.896f          |
| mifu/micache/_07434_:ZN (AND2_X2)   |        | 0.001       | 0.000      | 0.005      |             | 0.023  | 0.919f          |
| mifu/micache/_02599_ (net)          | 1      |             |            |            | 0.000       |        |                 |
| mifu/micache/_07454_:A1 (OR3_X1)    |        | 0.001       | 0.000      | 0.005      |             | 0.000  | 0.919f          |
| mifu/micache/_07454_:ZN (OR3_X1)    |        | 0.001       | 0.000      | 0.012      |             | 0.061  | 0.980f          |
| mifu/micache/_00985_ (net)          | 1      |             |            |            | 0.000       |        |                 |
| mifu/micache/_10905_:A (BUF_X1)     |        | 0.001       | 0.000      | 0.012      |             | 0.000  | 0.980f          |
| mifu/micache/_10905_:Z (BUF_X1)     |        | 0.001       | 0.000      | 0.006      |             | 0.029  | 1.009f          |
| mifu/micache/_05451_ (net)          | 1      |             |            |            | 0.000       |        |                 |
| mifu/micache/_08836_:D (DFF_X1)     |        | 0.001       | 0.000      | 0.006      |             | 0.000  | 1.009f          |
|                                     |        |             |            |            |             |        |                 |
| clock (port)                        |        | 2.045       | 0.000      | 0.000      |             | 0.000  | 0.000r          |
| clock (clock net)                   | 2153   |             |            |            | NA          |        |                 |
| mifu/micache/_08836_:CK (DFF_X1)    |        | 0.001       | 0.000      | 0.000      |             | 0.000  | 0.000r          |
| clock core_clock (rise edge)        |        |             |            |            |             | 1      | 1               |
| clock network delay (ideal)         |        |             |            |            |             | 0.000  | 1.000           |
| mifu/micache/_08836_:CK (DFF_X1)    |        |             |            |            |             |        | 1.000r          |
| library setup time                  |        |             |            |            |             | -0.039 | 0.961           |
| clock reconvergence pessimism       |        |             |            |            |             | 0.000  | 0.961           |
|                                     |        |             |            |            |             |        |                 |
| path cell delay                     |        |             |            |            |             |        | 1.009(100.000%) |
| path net delay                      |        |             |            |            |             |        | 0.000(0.000%)   |
|                                     |        |             |            |            |             |        |                 |
| data require time                   |        |             |            |            |             |        | 0.961           |
| data arrival time                   |        |             |            |            |             |        | 1.009           |
| slack (VIOLATED)                    |        |             |            |            |             |        | -0.048          |
+-------------------------------------+--------+-------------+------------+------------+-------------+--------+-----------------+
+-------------------------------------+--------+-------------+------------+------------+-------------+--------+-----------------+
| Point                               | Fanout | Capacitance | Resistance | Transition | Delta Delay | Incr   | Path            |
+-------------------------------------+--------+-------------+------------+------------+-------------+--------+-----------------+
| clock (port)                        |        | 2.045       | 0.000      | 0.000      |             | 0.000  | 0.000r          |
| clock (clock net)                   | 2153   |             |            |            | NA          |        |                 |
| mifu/micache/_08743_:CK (DFF_X1)    |        | 0.001       | 0.000      | 0.000      |             | 0.000  | 0.000r          |
| clock core_clock (rise edge)        |        |             |            |            |             | 0      | 0               |
| clock network delay (ideal)         |        |             |            |            |             | 0.000  | 0.000           |
| mifu/micache/_08743_:CK (DFF_X1)    |        | 0.001       | 0.000      | 0.000      |             | 0.000  | 0.000r          |
| mifu/micache/_08743_:Q (DFF_X1)     |        | 0.001       | 0.000      | 0.007      |             | 0.084  | 0.084r          |
| mifu/micache/_00000_ (net)          | 1      |             |            |            | 0.000       |        |                 |
| mifu/micache/_08932_:A (BUF_X1)     |        | 0.001       | 0.000      | 0.007      |             | 0.000  | 0.084r          |
| mifu/micache/_08932_:Z (BUF_X1)     |        | 0.072       | 0.000      | 0.169      |             | 0.193  | 0.277r          |
| mifu/micache/_00013_ (net)          | 11     |             |            |            | 0.000       |        |                 |
| fanout_buf_33:A (BUF_X8)            |        | 0.007       | 0.000      | 0.169      |             | 0.000  | 0.277r          |
| fanout_buf_33:Z (BUF_X8)            |        | 0.074       | 0.000      | 0.026      |             | 0.052  | 0.329r          |
| fanout_net_33 (net)                 | 30     |             |            |            | 0.000       |        |                 |
| fanout_buf_20:A (BUF_X8)            |        | 0.007       | 0.000      | 0.026      |             | 0.000  | 0.329r          |
| fanout_buf_20:Z (BUF_X8)            |        | 0.112       | 0.000      | 0.035      |             | 0.056  | 0.385r          |
| fanout_net_20 (net)                 | 30     |             |            |            | 0.000       |        |                 |
| mifu/micache/_05521_:A (INV_X32)    |        | 0.049       | 0.000      | 0.035      |             | 0.000  | 0.385r          |
| mifu/micache/_05521_:ZN (INV_X32)   |        | 0.025       | 0.000      | 0.008      |             | 0.008  | 0.393f          |
| mifu/micache/_01636_ (net)          | 3      |             |            |            | 0.000       |        |                 |
| mifu/micache/_05522_:A (BUF_X32)    |        | 0.027       | 0.000      | 0.008      |             | 0.000  | 0.393f          |
| mifu/micache/_05522_:Z (BUF_X32)    |        | 0.046       | 0.000      | 0.005      |             | 0.025  | 0.418f          |
| mifu/micache/_01637_ (net)          | 10     |             |            |            | 0.000       |        |                 |
| mifu/micache/_05547_:A (BUF_X32)    |        | 0.027       | 0.000      | 0.005      |             | 0.000  | 0.418f          |
| mifu/micache/_05547_:Z (BUF_X32)    |        | 0.027       | 0.000      | 0.005      |             | 0.022  | 0.440f          |
| mifu/micache/_01662_ (net)          | 10     |             |            |            | 0.000       |        |                 |
| mifu/micache/_05653_:A1 (OR2_X4)    |        | 0.003       | 0.000      | 0.005      |             | 0.000  | 0.440f          |
| mifu/micache/_05653_:ZN (OR2_X4)    |        | 0.003       | 0.000      | 0.008      |             | 0.037  | 0.477f          |
| mifu/micache/_01768_ (net)          | 1      |             |            |            | 0.000       |        |                 |
| mifu/micache/_05654_:A (OAI211_X2)  |        | 0.003       | 0.000      | 0.008      |             | 0.000  | 0.477f          |
| mifu/micache/_05654_:ZN (OAI211_X2) |        | 0.002       | 0.000      | 0.018      |             | 0.019  | 0.495r          |
| mifu/micache/_01769_ (net)          | 1      |             |            |            | 0.000       |        |                 |
| mifu/micache/_05657_:A1 (AND3_X2)   |        | 0.002       | 0.000      | 0.018      |             | 0.000  | 0.495r          |
| mifu/micache/_05657_:ZN (AND3_X2)   |        | 0.003       | 0.000      | 0.011      |             | 0.043  | 0.538r          |
| mifu/micache/_01772_ (net)          | 1      |             |            |            | 0.000       |        |                 |
| mifu/micache/_05658_:A3 (NOR3_X2)   |        | 0.003       | 0.000      | 0.011      |             | 0.000  | 0.538r          |
| mifu/micache/_05658_:ZN (NOR3_X2)   |        | 0.003       | 0.000      | 0.008      |             | 0.012  | 0.550f          |
| mifu/micache/_01773_ (net)          | 1      |             |            |            | 0.000       |        |                 |
| mifu/micache/_05666_:A (AOI21_X2)   |        | 0.003       | 0.000      | 0.008      |             | 0.000  | 0.550f          |
| mifu/micache/_05666_:ZN (AOI21_X2)  |        | 0.003       | 0.000      | 0.023      |             | 0.028  | 0.578r          |
| mifu/micache/_01781_ (net)          | 2      |             |            |            | 0.000       |        |                 |
| mifu/micache/_05667_:A1 (NOR2_X1)   |        | 0.002       | 0.000      | 0.023      |             | 0.000  | 0.578r          |
| mifu/micache/_05667_:ZN (NOR2_X1)   |        | 0.002       | 0.000      | 0.013      |             | 0.011  | 0.589f          |
| mifu/micache/_01782_ (net)          | 1      |             |            |            | 0.000       |        |                 |
| mifu/micache/_05686_:A (AOI21_X1)   |        | 0.002       | 0.000      | 0.013      |             | 0.000  | 0.589f          |
| mifu/micache/_05686_:ZN (AOI21_X1)  |        | 0.004       | 0.000      | 0.032      |             | 0.041  | 0.630r          |
| mifu/micache/_01801_ (net)          | 1      |             |            |            | 0.000       |        |                 |
| mifu/micache/_05705_:A (OAI221_X2)  |        | 0.004       | 0.000      | 0.032      |             | 0.000  | 0.630r          |
| mifu/micache/_05705_:ZN (OAI221_X2) |        | 0.005       | 0.000      | 0.024      |             | 0.044  | 0.674f          |
| mifu/micache/_01820_ (net)          | 1      |             |            |            | 0.000       |        |                 |
| mifu/micache/_05745_:A2 (NOR3_X4)   |        | 0.006       | 0.000      | 0.024      |             | 0.000  | 0.674f          |
| mifu/micache/_05745_:ZN (NOR3_X4)   |        | 0.003       | 0.000      | 0.023      |             | 0.047  | 0.721r          |
| mifu/micache/_01860_ (net)          | 1      |             |            |            | 0.000       |        |                 |
| mifu/micache/_05785_:A2 (AND4_X4)   |        | 0.003       | 0.000      | 0.023      |             | 0.000  | 0.721r          |
| mifu/micache/_05785_:ZN (AND4_X4)   |        | 0.007       | 0.000      | 0.012      |             | 0.056  | 0.777r          |
| mifu/micache/_01900_ (net)          | 2      |             |            |            | 0.000       |        |                 |
| mifu/micache/_06072_:A1 (NAND4_X4)  |        | 0.006       | 0.000      | 0.012      |             | 0.000  | 0.777r          |
| mifu/micache/_06072_:ZN (NAND4_X4)  |        | 0.009       | 0.000      | 0.021      |             | 0.027  | 0.804f          |
| mifu/micache/_02186_ (net)          | 8      |             |            |            | 0.000       |        |                 |
| mifu/micache/_06074_:A1 (AND2_X4)   |        | 0.003       | 0.000      | 0.021      |             | 0.000  | 0.804f          |
| mifu/micache/_06074_:ZN (AND2_X4)   |        | 0.024       | 0.000      | 0.010      |             | 0.040  | 0.844f          |
| mifu/micache/_02188_ (net)          | 6      |             |            |            | 0.000       |        |                 |
| mifu/micache/_06075_:A (INV_X4)     |        | 0.006       | 0.000      | 0.010      |             | 0.000  | 0.844f          |
| mifu/micache/_06075_:ZN (INV_X4)    |        | 0.007       | 0.000      | 0.008      |             | 0.013  | 0.857r          |
| mifu/micache/_02189_ (net)          | 1      |             |            |            | 0.000       |        |                 |
| mifu/micache/_06077_:A1 (NOR2_X4)   |        | 0.007       | 0.000      | 0.008      |             | 0.000  | 0.857r          |
| mifu/micache/_06077_:ZN (NOR2_X4)   |        | 0.017       | 0.000      | 0.010      |             | 0.012  | 0.869f          |
| mifu/micache/_02191_ (net)          | 6      |             |            |            | 0.000       |        |                 |
| mifu/micache/_07193_:A (BUF_X8)     |        | 0.007       | 0.000      | 0.010      |             | 0.000  | 0.869f          |
| mifu/micache/_07193_:Z (BUF_X8)     |        | 0.016       | 0.000      | 0.006      |             | 0.026  | 0.896f          |
| mifu/micache/_02370_ (net)          | 10     |             |            |            | 0.000       |        |                 |
| mifu/micache/_07413_:A1 (AND2_X2)   |        | 0.002       | 0.000      | 0.006      |             | 0.000  | 0.896f          |
| mifu/micache/_07413_:ZN (AND2_X2)   |        | 0.001       | 0.000      | 0.005      |             | 0.023  | 0.919f          |
| mifu/micache/_02579_ (net)          | 1      |             |            |            | 0.000       |        |                 |
| mifu/micache/_07433_:A1 (OR3_X1)    |        | 0.001       | 0.000      | 0.005      |             | 0.000  | 0.919f          |
| mifu/micache/_07433_:ZN (OR3_X1)    |        | 0.001       | 0.000      | 0.012      |             | 0.061  | 0.980f          |
| mifu/micache/_00984_ (net)          | 1      |             |            |            | 0.000       |        |                 |
| mifu/micache/_10903_:A (BUF_X1)     |        | 0.001       | 0.000      | 0.012      |             | 0.000  | 0.980f          |
| mifu/micache/_10903_:Z (BUF_X1)     |        | 0.001       | 0.000      | 0.006      |             | 0.029  | 1.009f          |
| mifu/micache/_05450_ (net)          | 1      |             |            |            | 0.000       |        |                 |
| mifu/micache/_08835_:D (DFF_X1)     |        | 0.001       | 0.000      | 0.006      |             | 0.000  | 1.009f          |
|                                     |        |             |            |            |             |        |                 |
| clock (port)                        |        | 2.045       | 0.000      | 0.000      |             | 0.000  | 0.000r          |
| clock (clock net)                   | 2153   |             |            |            | NA          |        |                 |
| mifu/micache/_08835_:CK (DFF_X1)    |        | 0.001       | 0.000      | 0.000      |             | 0.000  | 0.000r          |
| clock core_clock (rise edge)        |        |             |            |            |             | 1      | 1               |
| clock network delay (ideal)         |        |             |            |            |             | 0.000  | 1.000           |
| mifu/micache/_08835_:CK (DFF_X1)    |        |             |            |            |             |        | 1.000r          |
| library setup time                  |        |             |            |            |             | -0.039 | 0.961           |
| clock reconvergence pessimism       |        |             |            |            |             | 0.000  | 0.961           |
|                                     |        |             |            |            |             |        |                 |
| path cell delay                     |        |             |            |            |             |        | 1.009(100.000%) |
| path net delay                      |        |             |            |            |             |        | 0.000(0.000%)   |
|                                     |        |             |            |            |             |        |                 |
| data require time                   |        |             |            |            |             |        | 0.961           |
| data arrival time                   |        |             |            |            |             |        | 1.009           |
| slack (VIOLATED)                    |        |             |            |            |             |        | -0.048          |
+-------------------------------------+--------+-------------+------------+------------+-------------+--------+-----------------+
+-------------------------------+--------+-------------+------------+------------+-------------+--------+-----------------+
| Point                         | Fanout | Capacitance | Resistance | Transition | Delta Delay | Incr   | Path            |
+-------------------------------+--------+-------------+------------+------------+-------------+--------+-----------------+
| clock (port)                  |        | 2.045       | 0.000      | 0.000      |             | 0.000  | 0.000r          |
| clock (clock net)             | 2153   |             |            |            | NA          |        |                 |
| mpc/_563_:CK (DFF_X1)         |        | 0.001       | 0.000      | 0.000      |             | 0.000  | 0.000r          |
| clock core_clock (rise edge)  |        |             |            |            |             | 0      | 0               |
| clock network delay (ideal)   |        |             |            |            |             | 0.000  | 0.000           |
| mpc/_563_:CK (DFF_X1)         |        | 0.001       | 0.000      | 0.000      |             | 0.000  | 0.000r          |
| mpc/_563_:QN (DFF_X1)         |        | 0.001       | 0.000      | 0.008      |             | 0.060  | 0.060r          |
| mpc/_000_ (net)               | 1      |             |            |            | 0.000       |        |                 |
| mpc/_602_:A (BUF_X1)          |        | 0.001       | 0.000      | 0.008      |             | 0.000  | 0.060r          |
| mpc/_602_:Z (BUF_X1)          |        | 0.002       | 0.000      | 0.008      |             | 0.022  | 0.082r          |
| mpc/_001_ (net)               | 1      |             |            |            | 0.000       |        |                 |
| mpc/_363_:B2 (OAI21_X1)       |        | 0.002       | 0.000      | 0.008      |             | 0.000  | 0.082r          |
| mpc/_363_:ZN (OAI21_X1)       |        | 0.001       | 0.000      | 0.009      |             | 0.016  | 0.098f          |
| mpc/_082_ (net)               | 1      |             |            |            | 0.000       |        |                 |
| mpc/_366_:B1 (OAI21_X1)       |        | 0.002       | 0.000      | 0.009      |             | 0.000  | 0.098f          |
| mpc/_366_:ZN (OAI21_X1)       |        | 0.001       | 0.000      | 0.011      |             | 0.023  | 0.121r          |
| mpc/_004_ (net)               | 1      |             |            |            | 0.000       |        |                 |
| mpc/_667_:A (BUF_X1)          |        | 0.001       | 0.000      | 0.011      |             | 0.000  | 0.121r          |
| mpc/_667_:Z (BUF_X1)          |        | 0.001       | 0.000      | 0.008      |             | 0.024  | 0.145r          |
| mpc/_318_ (net)               | 1      |             |            |            | 0.000       |        |                 |
| mpc/_563_:D (DFF_X1)          |        | 0.001       | 0.000      | 0.008      |             | 0.000  | 0.145r          |
|                               |        |             |            |            |             |        |                 |
| clock (port)                  |        | 2.045       | 0.000      | 0.000      |             | 0.000  | 0.000r          |
| clock (clock net)             | 2153   |             |            |            | NA          |        |                 |
| mpc/_563_:CK (DFF_X1)         |        | 0.001       | 0.000      | 0.000      |             | 0.000  | 0.000r          |
| clock core_clock (rise edge)  |        |             |            |            |             | 0      | 0               |
| clock network delay (ideal)   |        |             |            |            |             | 0.000  | 0.000           |
| mpc/_563_:CK (DFF_X1)         |        |             |            |            |             |        | 0.000r          |
| library hold time             |        |             |            |            |             | 0.005  | 0.005           |
| clock reconvergence pessimism |        |             |            |            |             | -0.000 | 0.005           |
|                               |        |             |            |            |             |        |                 |
| path cell delay               |        |             |            |            |             |        | 0.145(100.000%) |
| path net delay                |        |             |            |            |             |        | 0.000(0.000%)   |
|                               |        |             |            |            |             |        |                 |
| data require time             |        |             |            |            |             |        | 0.005           |
| data arrival time             |        |             |            |            |             |        | 0.145           |
| slack (MET)                   |        |             |            |            |             |        | 0.139           |
+-------------------------------+--------+-------------+------------+------------+-------------+--------+-----------------+
+-------------------------------+--------+-------------+------------+------------+-------------+--------+-----------------+
| Point                         | Fanout | Capacitance | Resistance | Transition | Delta Delay | Incr   | Path            |
+-------------------------------+--------+-------------+------------+------------+-------------+--------+-----------------+
| clock (port)                  |        | 2.045       | 0.000      | 0.000      |             | 0.000  | 0.000r          |
| clock (clock net)             | 2153   |             |            |            | NA          |        |                 |
| mclint/_691_:CK (DFF_X1)      |        | 0.001       | 0.000      | 0.000      |             | 0.000  | 0.000r          |
| clock core_clock (rise edge)  |        |             |            |            |             | 0      | 0               |
| clock network delay (ideal)   |        |             |            |            |             | 0.000  | 0.000           |
| mclint/_691_:CK (DFF_X1)      |        | 0.001       | 0.000      | 0.000      |             | 0.000  | 0.000r          |
| mclint/_691_:QN (DFF_X1)      |        | 0.002       | 0.000      | 0.011      |             | 0.063  | 0.063r          |
| mclint/_299_ (net)            | 2      |             |            |            | 0.000       |        |                 |
| mclint/_861_:A (BUF_X1)       |        | 0.001       | 0.000      | 0.011      |             | 0.000  | 0.063r          |
| mclint/_861_:Z (BUF_X1)       |        | 0.001       | 0.000      | 0.006      |             | 0.021  | 0.084r          |
| mclint/_000_ (net)            | 1      |             |            |            | 0.000       |        |                 |
| mclint/_482_:A3 (AND3_X1)     |        | 0.001       | 0.000      | 0.006      |             | 0.000  | 0.084r          |
| mclint/_482_:ZN (AND3_X1)     |        | 0.001       | 0.000      | 0.009      |             | 0.040  | 0.123r          |
| mclint/_001_ (net)            | 1      |             |            |            | 0.000       |        |                 |
| mclint/_862_:A (BUF_X1)       |        | 0.001       | 0.000      | 0.009      |             | 0.000  | 0.123r          |
| mclint/_862_:Z (BUF_X1)       |        | 0.001       | 0.000      | 0.008      |             | 0.023  | 0.146r          |
| mclint/_397_ (net)            | 1      |             |            |            | 0.000       |        |                 |
| mclint/_691_:D (DFF_X1)       |        | 0.001       | 0.000      | 0.008      |             | 0.000  | 0.146r          |
|                               |        |             |            |            |             |        |                 |
| clock (port)                  |        | 2.045       | 0.000      | 0.000      |             | 0.000  | 0.000r          |
| clock (clock net)             | 2153   |             |            |            | NA          |        |                 |
| mclint/_691_:CK (DFF_X1)      |        | 0.001       | 0.000      | 0.000      |             | 0.000  | 0.000r          |
| clock core_clock (rise edge)  |        |             |            |            |             | 0      | 0               |
| clock network delay (ideal)   |        |             |            |            |             | 0.000  | 0.000           |
| mclint/_691_:CK (DFF_X1)      |        |             |            |            |             |        | 0.000r          |
| library hold time             |        |             |            |            |             | 0.005  | 0.005           |
| clock reconvergence pessimism |        |             |            |            |             | -0.000 | 0.005           |
|                               |        |             |            |            |             |        |                 |
| path cell delay               |        |             |            |            |             |        | 0.146(100.000%) |
| path net delay                |        |             |            |            |             |        | 0.000(0.000%)   |
|                               |        |             |            |            |             |        |                 |
| data require time             |        |             |            |            |             |        | 0.005           |
| data arrival time             |        |             |            |            |             |        | 0.146           |
| slack (MET)                   |        |             |            |            |             |        | 0.140           |
+-------------------------------+--------+-------------+------------+------------+-------------+--------+-----------------+
+-------------------------------+--------+-------------+------------+------------+-------------+--------+-----------------+
| Point                         | Fanout | Capacitance | Resistance | Transition | Delta Delay | Incr   | Path            |
+-------------------------------+--------+-------------+------------+------------+-------------+--------+-----------------+
| clock (port)                  |        | 2.045       | 0.000      | 0.000      |             | 0.000  | 0.000r          |
| clock (clock net)             | 2153   |             |            |            | NA          |        |                 |
| mclint/_691_:CK (DFF_X1)      |        | 0.001       | 0.000      | 0.000      |             | 0.000  | 0.000r          |
| clock core_clock (rise edge)  |        |             |            |            |             | 0      | 0               |
| clock network delay (ideal)   |        |             |            |            |             | 0.000  | 0.000           |
| mclint/_691_:CK (DFF_X1)      |        | 0.001       | 0.000      | 0.000      |             | 0.000  | 0.000r          |
| mclint/_691_:QN (DFF_X1)      |        | 0.002       | 0.000      | 0.012      |             | 0.064  | 0.064f          |
| mclint/_299_ (net)            | 2      |             |            |            | 0.000       |        |                 |
| mclint/_861_:A (BUF_X1)       |        | 0.001       | 0.000      | 0.012      |             | 0.000  | 0.064f          |
| mclint/_861_:Z (BUF_X1)       |        | 0.001       | 0.000      | 0.005      |             | 0.027  | 0.091f          |
| mclint/_000_ (net)            | 1      |             |            |            | 0.000       |        |                 |
| mclint/_482_:A3 (AND3_X1)     |        | 0.001       | 0.000      | 0.005      |             | 0.000  | 0.091f          |
| mclint/_482_:ZN (AND3_X1)     |        | 0.001       | 0.000      | 0.006      |             | 0.031  | 0.122f          |
| mclint/_001_ (net)            | 1      |             |            |            | 0.000       |        |                 |
| mclint/_862_:A (BUF_X1)       |        | 0.001       | 0.000      | 0.006      |             | 0.000  | 0.122f          |
| mclint/_862_:Z (BUF_X1)       |        | 0.001       | 0.000      | 0.006      |             | 0.026  | 0.148f          |
| mclint/_397_ (net)            | 1      |             |            |            | 0.000       |        |                 |
| mclint/_691_:D (DFF_X1)       |        | 0.001       | 0.000      | 0.006      |             | 0.000  | 0.148f          |
|                               |        |             |            |            |             |        |                 |
| clock (port)                  |        | 2.045       | 0.000      | 0.000      |             | 0.000  | 0.000r          |
| clock (clock net)             | 2153   |             |            |            | NA          |        |                 |
| mclint/_691_:CK (DFF_X1)      |        | 0.001       | 0.000      | 0.000      |             | 0.000  | 0.000r          |
| clock core_clock (rise edge)  |        |             |            |            |             | 0      | 0               |
| clock network delay (ideal)   |        |             |            |            |             | 0.000  | 0.000           |
| mclint/_691_:CK (DFF_X1)      |        |             |            |            |             |        | 0.000r          |
| library hold time             |        |             |            |            |             | 0.002  | 0.002           |
| clock reconvergence pessimism |        |             |            |            |             | -0.000 | 0.002           |
|                               |        |             |            |            |             |        |                 |
| path cell delay               |        |             |            |            |             |        | 0.148(100.000%) |
| path net delay                |        |             |            |            |             |        | 0.000(0.000%)   |
|                               |        |             |            |            |             |        |                 |
| data require time             |        |             |            |            |             |        | 0.002           |
| data arrival time             |        |             |            |            |             |        | 0.148           |
| slack (MET)                   |        |             |            |            |             |        | 0.146           |
+-------------------------------+--------+-------------+------------+------------+-------------+--------+-----------------+
